running develop
/usr/lib/python3/dist-packages/setuptools/command/easy_install.py:158: EasyInstallDeprecationWarning: easy_install command is deprecated. Use build and pip and other standards-based tools.
  warnings.warn(
/usr/lib/python3/dist-packages/setuptools/command/install.py:34: SetuptoolsDeprecationWarning: setup.py install is deprecated. Use build and pip and other standards-based tools.
  warnings.warn(
running egg_info
writing sjtu_drone_control.egg-info/PKG-INFO
writing dependency_links to sjtu_drone_control.egg-info/dependency_links.txt
writing entry points to sjtu_drone_control.egg-info/entry_points.txt
writing requirements to sjtu_drone_control.egg-info/requires.txt
writing top-level names to sjtu_drone_control.egg-info/top_level.txt
reading manifest file 'sjtu_drone_control.egg-info/SOURCES.txt'
writing manifest file 'sjtu_drone_control.egg-info/SOURCES.txt'
running build_ext
Creating /ros2_ws/src/sjtu_drone/sjtu_drone_control/install/sjtu_drone_control/lib/python3.10/site-packages/sjtu-drone-control.egg-link (link to .)
Installing drone_position_control script to /ros2_ws/src/sjtu_drone/sjtu_drone_control/install/sjtu_drone_control/lib/sjtu_drone_control
Installing open_loop_control script to /ros2_ws/src/sjtu_drone/sjtu_drone_control/install/sjtu_drone_control/lib/sjtu_drone_control
Installing teleop script to /ros2_ws/src/sjtu_drone/sjtu_drone_control/install/sjtu_drone_control/lib/sjtu_drone_control
Installing teleop_joystick script to /ros2_ws/src/sjtu_drone/sjtu_drone_control/install/sjtu_drone_control/lib/sjtu_drone_control
Installing trajectory_follower script to /ros2_ws/src/sjtu_drone/sjtu_drone_control/install/sjtu_drone_control/lib/sjtu_drone_control

Installed /ros2_ws/src/sjtu_drone/sjtu_drone_control/build/sjtu_drone_control
running install_data
