[0.467s] Invoking command in '/ros2_ws/src/sjtu_drone/sjtu_drone_control/build/sjtu_drone_control': PYTHONPATH=/ros2_ws/src/sjtu_drone/sjtu_drone_control/build/sjtu_drone_control/prefix_override:/ros2_ws/src/sjtu_drone/sjtu_drone_control/install/sjtu_drone_control/lib/python3.10/site-packages:${PYTHONPATH} /usr/bin/python3 setup.py develop --editable --build-directory /ros2_ws/src/sjtu_drone/sjtu_drone_control/build/sjtu_drone_control/build --no-deps install_data
[0.619s] running develop
[0.620s] /usr/lib/python3/dist-packages/setuptools/command/easy_install.py:158: EasyInstallDeprecationWarning: easy_install command is deprecated. Use build and pip and other standards-based tools.
[0.620s]   warnings.warn(
[0.621s] /usr/lib/python3/dist-packages/setuptools/command/install.py:34: SetuptoolsDeprecationWarning: setup.py install is deprecated. Use build and pip and other standards-based tools.
[0.621s]   warnings.warn(
[0.686s] running egg_info
[0.686s] writing sjtu_drone_control.egg-info/PKG-INFO
[0.686s] writing dependency_links to sjtu_drone_control.egg-info/dependency_links.txt
[0.687s] writing entry points to sjtu_drone_control.egg-info/entry_points.txt
[0.687s] writing requirements to sjtu_drone_control.egg-info/requires.txt
[0.687s] writing top-level names to sjtu_drone_control.egg-info/top_level.txt
[0.688s] reading manifest file 'sjtu_drone_control.egg-info/SOURCES.txt'
[0.689s] writing manifest file 'sjtu_drone_control.egg-info/SOURCES.txt'
[0.689s] running build_ext
[0.690s] Creating /ros2_ws/src/sjtu_drone/sjtu_drone_control/install/sjtu_drone_control/lib/python3.10/site-packages/sjtu-drone-control.egg-link (link to .)
[0.690s] Installing drone_position_control script to /ros2_ws/src/sjtu_drone/sjtu_drone_control/install/sjtu_drone_control/lib/sjtu_drone_control
[0.690s] Installing open_loop_control script to /ros2_ws/src/sjtu_drone/sjtu_drone_control/install/sjtu_drone_control/lib/sjtu_drone_control
[0.691s] Installing teleop script to /ros2_ws/src/sjtu_drone/sjtu_drone_control/install/sjtu_drone_control/lib/sjtu_drone_control
[0.691s] Installing teleop_joystick script to /ros2_ws/src/sjtu_drone/sjtu_drone_control/install/sjtu_drone_control/lib/sjtu_drone_control
[0.691s] Installing trajectory_follower script to /ros2_ws/src/sjtu_drone/sjtu_drone_control/install/sjtu_drone_control/lib/sjtu_drone_control
[0.691s] 
[0.691s] Installed /ros2_ws/src/sjtu_drone/sjtu_drone_control/build/sjtu_drone_control
[0.691s] running install_data
[0.730s] Invoked command in '/ros2_ws/src/sjtu_drone/sjtu_drone_control/build/sjtu_drone_control' returned '0': PYTHONPATH=/ros2_ws/src/sjtu_drone/sjtu_drone_control/build/sjtu_drone_control/prefix_override:/ros2_ws/src/sjtu_drone/sjtu_drone_control/install/sjtu_drone_control/lib/python3.10/site-packages:${PYTHONPATH} /usr/bin/python3 setup.py develop --editable --build-directory /ros2_ws/src/sjtu_drone/sjtu_drone_control/build/sjtu_drone_control/build --no-deps install_data
