[0.502s] Invoking command in '/ros2_ws/src/sjtu_drone/sjtu_drone_control/build/sjtu_drone_control': PYTHONPATH=/ros2_ws/src/sjtu_drone/sjtu_drone_control/build/sjtu_drone_control/prefix_override:/ros2_ws/src/sjtu_drone/sjtu_drone_control/install/sjtu_drone_control/lib/python3.10/site-packages:${PYTHONPATH} /usr/bin/python3 setup.py develop --editable --build-directory /ros2_ws/src/sjtu_drone/sjtu_drone_control/build/sjtu_drone_control/build --no-deps install_data
[0.655s] running develop
[0.664s] /usr/lib/python3/dist-packages/setuptools/command/easy_install.py:158: EasyInstallDeprecationWarning: easy_install command is deprecated. Use build and pip and other standards-based tools.
[0.664s]   warnings.warn(
[0.665s] /usr/lib/python3/dist-packages/setuptools/command/install.py:34: SetuptoolsDeprecationWarning: setup.py install is deprecated. Use build and pip and other standards-based tools.
[0.665s]   warnings.warn(
[0.727s] running egg_info
[0.727s] creating sjtu_drone_control.egg-info
[0.727s] writing sjtu_drone_control.egg-info/PKG-INFO
[0.727s] writing dependency_links to sjtu_drone_control.egg-info/dependency_links.txt
[0.727s] writing entry points to sjtu_drone_control.egg-info/entry_points.txt
[0.728s] writing requirements to sjtu_drone_control.egg-info/requires.txt
[0.728s] writing top-level names to sjtu_drone_control.egg-info/top_level.txt
[0.728s] writing manifest file 'sjtu_drone_control.egg-info/SOURCES.txt'
[0.729s] reading manifest file 'sjtu_drone_control.egg-info/SOURCES.txt'
[0.729s] writing manifest file 'sjtu_drone_control.egg-info/SOURCES.txt'
[0.730s] running build_ext
[0.730s] Creating /ros2_ws/src/sjtu_drone/sjtu_drone_control/install/sjtu_drone_control/lib/python3.10/site-packages/sjtu-drone-control.egg-link (link to .)
[0.731s] Installing drone_position_control script to /ros2_ws/src/sjtu_drone/sjtu_drone_control/install/sjtu_drone_control/lib/sjtu_drone_control
[0.731s] Installing open_loop_control script to /ros2_ws/src/sjtu_drone/sjtu_drone_control/install/sjtu_drone_control/lib/sjtu_drone_control
[0.731s] Installing teleop script to /ros2_ws/src/sjtu_drone/sjtu_drone_control/install/sjtu_drone_control/lib/sjtu_drone_control
[0.731s] Installing teleop_joystick script to /ros2_ws/src/sjtu_drone/sjtu_drone_control/install/sjtu_drone_control/lib/sjtu_drone_control
[0.731s] Installing trajectory_follower script to /ros2_ws/src/sjtu_drone/sjtu_drone_control/install/sjtu_drone_control/lib/sjtu_drone_control
[0.731s] 
[0.731s] Installed /ros2_ws/src/sjtu_drone/sjtu_drone_control/build/sjtu_drone_control
[0.731s] running install_data
[0.731s] creating /ros2_ws/src/sjtu_drone/sjtu_drone_control/install/sjtu_drone_control/share/ament_index
[0.731s] creating /ros2_ws/src/sjtu_drone/sjtu_drone_control/install/sjtu_drone_control/share/ament_index/resource_index
[0.731s] creating /ros2_ws/src/sjtu_drone/sjtu_drone_control/install/sjtu_drone_control/share/ament_index/resource_index/packages
[0.731s] copying resource/sjtu_drone_control -> /ros2_ws/src/sjtu_drone/sjtu_drone_control/install/sjtu_drone_control/share/ament_index/resource_index/packages
[0.731s] copying package.xml -> /ros2_ws/src/sjtu_drone/sjtu_drone_control/install/sjtu_drone_control/share/sjtu_drone_control
[0.762s] Invoked command in '/ros2_ws/src/sjtu_drone/sjtu_drone_control/build/sjtu_drone_control' returned '0': PYTHONPATH=/ros2_ws/src/sjtu_drone/sjtu_drone_control/build/sjtu_drone_control/prefix_override:/ros2_ws/src/sjtu_drone/sjtu_drone_control/install/sjtu_drone_control/lib/python3.10/site-packages:${PYTHONPATH} /usr/bin/python3 setup.py develop --editable --build-directory /ros2_ws/src/sjtu_drone/sjtu_drone_control/build/sjtu_drone_control/build --no-deps install_data
